2025-07-09 13:49:59,831 - INFO - Scraping page 1
2025-07-09 13:49:59,831 - INFO - Trying to get cat listings from: https://www.neko-jirushi.com/foster/cat/?p=1
2025-07-09 13:50:00,292 - INFO - Found 53 links using selector: a[href*='/cat/']
2025-07-09 13:50:00,293 - INFO - Processing cat 1/5 on page 1: https://www.neko-jirushi.com/foster/cat/st-1/
2025-07-09 13:50:00,458 - INFO - Found 31 images using selector: img[src*='cat']
2025-07-09 13:50:00,614 - INFO - Downloaded: 猫の里親募集_里親になりたい_1.png
2025-07-09 13:50:01,636 - INFO - Downloaded: 猫の里親募集_里親になりたい_2.png
2025-07-09 13:50:02,653 - INFO - Downloaded: 猫の里親募集_里親になりたい_3.png
2025-07-09 13:50:03,670 - INFO - Downloaded: 猫の里親募集_里親になりたい_4.png
2025-07-09 13:50:04,686 - INFO - Downloaded: 猫の里親募集_里親になりたい_5.png
2025-07-09 13:50:05,726 - INFO - Downloaded: 猫の里親募集_里親になりたい_6.png
2025-07-09 13:50:06,771 - INFO - Downloaded: 猫の里親募集_里親になりたい_7.png
2025-07-09 13:50:07,825 - INFO - Downloaded: 猫の里親募集_里親になりたい_8.png
2025-07-09 13:50:08,871 - INFO - Downloaded: 猫の里親募集_里親になりたい_9.png
2025-07-09 13:50:09,917 - INFO - Downloaded: 猫の里親募集_里親になりたい_10.png
2025-07-09 13:50:10,968 - INFO - Downloaded: 猫の里親募集_里親になりたい_11.png
2025-07-09 13:50:12,025 - INFO - Downloaded: 猫の里親募集_里親になりたい_12.png
2025-07-09 13:50:13,063 - INFO - Downloaded: 猫の里親募集_里親になりたい_13.png
2025-07-09 13:50:14,109 - INFO - Downloaded: 猫の里親募集_里親になりたい_14.jpg
2025-07-09 13:50:15,160 - INFO - Downloaded: 猫の里親募集_里親になりたい_15.jpg
2025-07-09 13:50:16,206 - INFO - Downloaded: 猫の里親募集_里親になりたい_16.jpg
2025-07-09 13:50:17,255 - INFO - Downloaded: 猫の里親募集_里親になりたい_17.jpg
2025-07-09 13:50:18,306 - INFO - Downloaded: 猫の里親募集_里親になりたい_18.jpg
2025-07-09 13:50:21,318 - INFO - Processing cat 2/5 on page 1: https://www.neko-jirushi.com/foster/cat/st-2/
2025-07-09 13:50:21,547 - INFO - Found 31 images using selector: img[src*='cat']
2025-07-09 13:50:21,679 - INFO - File already exists: 猫の里親募集_里親になりたい_1.png
2025-07-09 13:50:22,696 - INFO - File already exists: 猫の里親募集_里親になりたい_2.png
2025-07-09 13:50:23,711 - INFO - File already exists: 猫の里親募集_里親になりたい_3.png
2025-07-09 13:50:24,730 - INFO - File already exists: 猫の里親募集_里親になりたい_4.png
2025-07-09 13:50:25,746 - INFO - File already exists: 猫の里親募集_里親になりたい_5.png
2025-07-09 13:50:26,765 - INFO - File already exists: 猫の里親募集_里親になりたい_6.png
2025-07-09 13:50:27,785 - INFO - File already exists: 猫の里親募集_里親になりたい_7.png
2025-07-09 13:50:28,818 - INFO - File already exists: 猫の里親募集_里親になりたい_8.png
2025-07-09 13:50:29,842 - INFO - File already exists: 猫の里親募集_里親になりたい_9.png
2025-07-09 13:50:30,874 - INFO - File already exists: 猫の里親募集_里親になりたい_10.png
2025-07-09 13:50:31,896 - INFO - File already exists: 猫の里親募集_里親になりたい_11.png
2025-07-09 13:50:32,915 - INFO - File already exists: 猫の里親募集_里親になりたい_12.png
2025-07-09 13:50:33,928 - INFO - File already exists: 猫の里親募集_里親になりたい_13.png
2025-07-09 13:50:34,952 - INFO - File already exists: 猫の里親募集_里親になりたい_14.jpg
2025-07-09 13:50:35,965 - INFO - File already exists: 猫の里親募集_里親になりたい_15.jpg
2025-07-09 13:50:36,989 - INFO - File already exists: 猫の里親募集_里親になりたい_16.jpg
2025-07-09 13:50:38,037 - INFO - File already exists: 猫の里親募集_里親になりたい_17.jpg
2025-07-09 13:50:39,084 - INFO - File already exists: 猫の里親募集_里親になりたい_18.jpg
2025-07-09 13:50:42,095 - INFO - Processing cat 3/5 on page 1: https://www.neko-jirushi.com/foster/cat/
2025-07-09 13:50:42,416 - INFO - Found 5 images using selector: img[src*='cat']
2025-07-09 13:50:42,754 - INFO - Downloaded: 猫の里親募集_里親になりたい_1.jpg
2025-07-09 13:50:43,803 - INFO - Downloaded: 猫の里親募集_里親になりたい_2.jpg
2025-07-09 13:50:44,861 - INFO - Downloaded: 猫の里親募集_里親になりたい_3.jpg
2025-07-09 13:50:45,901 - INFO - Downloaded: 猫の里親募集_里親になりたい_4.jpg
2025-07-09 13:50:46,949 - INFO - Downloaded: 猫の里親募集_里親になりたい_5.jpg
2025-07-09 13:50:49,968 - INFO - Processing cat 4/5 on page 1: https://www.neko-jirushi.com/foster/cat/hokkaido/st-1/
2025-07-09 13:50:50,216 - INFO - Found 31 images using selector: img[src*='cat']
2025-07-09 13:50:50,378 - INFO - File already exists: 猫の里親募集_里親になりたい_1.png
2025-07-09 13:50:51,400 - INFO - File already exists: 猫の里親募集_里親になりたい_2.png
2025-07-09 13:50:52,422 - INFO - File already exists: 猫の里親募集_里親になりたい_3.png
2025-07-09 13:50:53,440 - INFO - File already exists: 猫の里親募集_里親になりたい_4.png
2025-07-09 13:50:54,452 - INFO - File already exists: 猫の里親募集_里親になりたい_5.png
2025-07-09 13:50:55,466 - INFO - File already exists: 猫の里親募集_里親になりたい_6.png
2025-07-09 13:50:56,488 - INFO - File already exists: 猫の里親募集_里親になりたい_7.png
2025-07-09 13:50:57,507 - INFO - File already exists: 猫の里親募集_里親になりたい_8.png
2025-07-09 13:50:58,713 - INFO - File already exists: 猫の里親募集_里親になりたい_9.png
2025-07-09 13:50:59,735 - INFO - File already exists: 猫の里親募集_里親になりたい_10.png
2025-07-09 13:51:00,748 - INFO - File already exists: 猫の里親募集_里親になりたい_11.png
2025-07-09 13:51:01,763 - INFO - File already exists: 猫の里親募集_里親になりたい_12.png
2025-07-09 13:51:02,805 - INFO - File already exists: 猫の里親募集_里親になりたい_13.png
2025-07-09 13:51:03,821 - INFO - File already exists: 猫の里親募集_里親になりたい_14.jpg
2025-07-09 13:51:04,844 - INFO - File already exists: 猫の里親募集_里親になりたい_15.jpg
2025-07-09 13:51:05,868 - INFO - File already exists: 猫の里親募集_里親になりたい_16.jpg
2025-07-09 13:51:06,882 - INFO - File already exists: 猫の里親募集_里親になりたい_17.jpg
2025-07-09 13:51:07,922 - INFO - File already exists: 猫の里親募集_里親になりたい_18.jpg
2025-07-09 13:51:10,933 - INFO - Processing cat 5/5 on page 1: https://www.neko-jirushi.com/foster/cat/aomori/st-1/
2025-07-09 13:51:11,190 - INFO - Found 31 images using selector: img[src*='cat']
2025-07-09 13:51:11,382 - INFO - File already exists: 猫の里親募集_里親になりたい_1.png
2025-07-09 13:51:12,398 - INFO - File already exists: 猫の里親募集_里親になりたい_2.png
2025-07-09 13:51:13,410 - INFO - File already exists: 猫の里親募集_里親になりたい_3.png
2025-07-09 13:51:14,437 - INFO - File already exists: 猫の里親募集_里親になりたい_4.png
2025-07-09 13:51:15,457 - INFO - File already exists: 猫の里親募集_里親になりたい_5.png
2025-07-09 13:51:16,492 - INFO - File already exists: 猫の里親募集_里親になりたい_6.png
2025-07-09 13:51:17,508 - INFO - File already exists: 猫の里親募集_里親になりたい_7.png
2025-07-09 13:51:18,522 - INFO - File already exists: 猫の里親募集_里親になりたい_8.png
2025-07-09 13:51:19,545 - INFO - File already exists: 猫の里親募集_里親になりたい_9.png
2025-07-09 13:51:20,572 - INFO - File already exists: 猫の里親募集_里親になりたい_10.png
2025-07-09 13:51:21,591 - INFO - File already exists: 猫の里親募集_里親になりたい_11.png
2025-07-09 13:51:22,611 - INFO - File already exists: 猫の里親募集_里親になりたい_12.png
2025-07-09 13:51:23,661 - INFO - File already exists: 猫の里親募集_里親になりたい_13.png
2025-07-09 13:51:24,709 - INFO - File already exists: 猫の里親募集_里親になりたい_14.jpg
2025-07-09 13:51:25,757 - INFO - File already exists: 猫の里親募集_里親になりたい_15.jpg
2025-07-09 13:51:26,827 - INFO - File already exists: 猫の里親募集_里親になりたい_16.jpg
2025-07-09 13:51:27,864 - INFO - File already exists: 猫の里親募集_里親になりたい_17.jpg
2025-07-09 13:51:28,913 - INFO - File already exists: 猫の里親募集_里親になりたい_18.jpg
2025-07-09 13:51:33,930 - INFO - Scraping page 2
2025-07-09 13:51:33,959 - INFO - Trying to get cat listings from: https://www.neko-jirushi.com/foster/cat/?p=2
2025-07-09 13:51:34,662 - INFO - Found 53 links using selector: a[href*='/cat/']
2025-07-09 13:51:34,663 - INFO - Processing cat 1/5 on page 2: https://www.neko-jirushi.com/foster/cat/st-1/
2025-07-09 13:51:34,957 - INFO - Found 31 images using selector: img[src*='cat']
2025-07-09 13:51:35,096 - INFO - File already exists: 猫の里親募集_里親になりたい_1.png
2025-07-09 13:51:36,112 - INFO - File already exists: 猫の里親募集_里親になりたい_2.png
2025-07-09 13:51:37,134 - INFO - File already exists: 猫の里親募集_里親になりたい_3.png
2025-07-09 13:51:38,144 - INFO - File already exists: 猫の里親募集_里親になりたい_4.png
2025-07-09 13:51:39,163 - INFO - File already exists: 猫の里親募集_里親になりたい_5.png
2025-07-09 13:51:40,182 - INFO - File already exists: 猫の里親募集_里親になりたい_6.png
2025-07-09 13:51:41,219 - INFO - File already exists: 猫の里親募集_里親になりたい_7.png
2025-07-09 13:51:42,237 - INFO - File already exists: 猫の里親募集_里親になりたい_8.png
2025-07-09 13:51:43,262 - INFO - File already exists: 猫の里親募集_里親になりたい_9.png
2025-07-09 13:51:44,315 - INFO - File already exists: 猫の里親募集_里親になりたい_10.png
2025-07-09 13:51:45,325 - INFO - File already exists: 猫の里親募集_里親になりたい_11.png
2025-07-09 13:51:46,340 - INFO - File already exists: 猫の里親募集_里親になりたい_12.png
2025-07-09 13:51:47,354 - INFO - File already exists: 猫の里親募集_里親になりたい_13.png
2025-07-09 13:51:48,379 - INFO - File already exists: 猫の里親募集_里親になりたい_14.jpg
2025-07-09 13:51:49,400 - INFO - File already exists: 猫の里親募集_里親になりたい_15.jpg
2025-07-09 13:51:50,417 - INFO - File already exists: 猫の里親募集_里親になりたい_16.jpg
2025-07-09 13:51:51,448 - INFO - File already exists: 猫の里親募集_里親になりたい_17.jpg
2025-07-09 13:51:52,500 - INFO - File already exists: 猫の里親募集_里親になりたい_18.jpg
2025-07-09 13:51:55,508 - INFO - Processing cat 2/5 on page 2: https://www.neko-jirushi.com/foster/cat/st-2/
2025-07-09 13:51:55,733 - INFO - Found 31 images using selector: img[src*='cat']
2025-07-09 13:51:55,857 - INFO - File already exists: 猫の里親募集_里親になりたい_1.png
2025-07-09 13:51:56,876 - INFO - File already exists: 猫の里親募集_里親になりたい_2.png
2025-07-09 13:51:57,895 - INFO - File already exists: 猫の里親募集_里親になりたい_3.png
2025-07-09 13:51:58,916 - INFO - File already exists: 猫の里親募集_里親になりたい_4.png
2025-07-09 13:51:59,940 - INFO - File already exists: 猫の里親募集_里親になりたい_5.png
